2023-08-22 11:41:03,906 - ERROR - TCP connection to device failed.

Common causes of this problem are:
1. Incorrect hostname or IP address.
2. Wrong TCP port.
3. Intermediate firewall blocking access.

Device settings: fortinet 10.224.28.1:2221


2023-08-22 11:41:03,906 - ERROR - Error en el FW 10.224.28.1
2023-08-22 11:41:13,946 - ERROR - TCP connection to device failed.

Common causes of this problem are:
1. Incorrect hostname or IP address.
2. Wrong TCP port.
3. Intermediate firewall blocking access.

Device settings: fortinet 10.224.113.97:2221


2023-08-22 11:41:13,946 - ERROR - Error en el FW 10.224.113.97
2023-08-22 11:41:23,979 - ERROR - TCP connection to device failed.

Common causes of this problem are:
1. Incorrect hostname or IP address.
2. Wrong TCP port.
3. Intermediate firewall blocking access.

Device settings: fortinet 10.224.113.129:2221


2023-08-22 11:41:23,979 - ERROR - Error en el FW 10.224.113.129
2023-08-22 11:41:34,008 - ERROR - TCP connection to device failed.

Common causes of this problem are:
1. Incorrect hostname or IP address.
2. Wrong TCP port.
3. Intermediate firewall blocking access.

Device settings: fortinet 10.224.113.161:2221


2023-08-22 11:41:34,008 - ERROR - Error en el FW 10.224.113.161
2023-08-22 11:41:44,041 - ERROR - TCP connection to device failed.

Common causes of this problem are:
1. Incorrect hostname or IP address.
2. Wrong TCP port.
3. Intermediate firewall blocking access.

Device settings: fortinet 10.224.21.1:2221


2023-08-22 11:41:44,041 - ERROR - Error en el FW 10.224.21.1
2023-08-22 11:41:44,062 - ERROR - 1146 (42S02): Table 'dcs.fechas_consultas_fw' doesn't exist
2023-08-22 11:41:44,062 - ERROR - Error en el FW 10.224.21.1
2023-08-22 11:51:13,995 - ERROR - TCP connection to device failed.

Common causes of this problem are:
1. Incorrect hostname or IP address.
2. Wrong TCP port.
3. Intermediate firewall blocking access.

Device settings: fortinet 10.224.28.1:2221


2023-08-22 11:51:13,996 - ERROR - Error en el FW 10.224.28.1
2023-08-22 11:51:24,036 - ERROR - TCP connection to device failed.

Common causes of this problem are:
1. Incorrect hostname or IP address.
2. Wrong TCP port.
3. Intermediate firewall blocking access.

Device settings: fortinet 10.224.113.97:2221


2023-08-22 11:51:24,036 - ERROR - Error en el FW 10.224.113.97
2023-08-22 11:51:34,069 - ERROR - TCP connection to device failed.

Common causes of this problem are:
1. Incorrect hostname or IP address.
2. Wrong TCP port.
3. Intermediate firewall blocking access.

Device settings: fortinet 10.224.113.129:2221


2023-08-22 11:51:34,069 - ERROR - Error en el FW 10.224.113.129
2023-08-22 11:51:44,106 - ERROR - TCP connection to device failed.

Common causes of this problem are:
1. Incorrect hostname or IP address.
2. Wrong TCP port.
3. Intermediate firewall blocking access.

Device settings: fortinet 10.224.113.161:2221


2023-08-22 11:51:44,106 - ERROR - Error en el FW 10.224.113.161
2023-08-22 11:51:54,126 - ERROR - TCP connection to device failed.

Common causes of this problem are:
1. Incorrect hostname or IP address.
2. Wrong TCP port.
3. Intermediate firewall blocking access.

Device settings: fortinet 10.224.21.1:2221


2023-08-22 11:51:54,126 - ERROR - Error en el FW 10.224.21.1
